<?xml version="1.0" encoding="UTF-8"?>
<!-- Generated by org.testng.reporters.JUnitXMLReporter -->
<testsuite hostname="administrator-Latitude-E5570" name="First Set from 1 to 10 testcases" tests="4" failures="0" timestamp="29 Jun 2019 07:08:16 GMT" time="0.034" errors="0">
  <testcase name="testCase1" time="0.009" classname="TestNG.Tutorial1.day1"/>
  <testcase name="testCase2" time="0.003" classname="TestNG.Tutorial1.day1"/>
  <testcase name="testCase3" time="0.001" classname="TestNG.Tutorial1.day2"/>
  <testcase name="testCase4" time="0.0" classname="TestNG.Tutorial1.day2"/>
</testsuite> <!-- First Set from 1 to 10 testcases -->
