<?xml version="1.0" encoding="UTF-8"?>
<!-- Generated by org.testng.reporters.JUnitXMLReporter -->
<testsuite hostname="administrator-Latitude-E5570" name="Retry Test" tests="1" failures="1" timestamp="23 Jul 2019 06:17:43 GMT" time="0.037" errors="0">
  <testcase name="test1" time="0.02" classname="RetryFailedTestCases.RetryTest">
    <failure type="java.lang.AssertionError">
      <![CDATA[java.lang.AssertionError
	at org.junit.Assert.fail(Assert.java:92)
	at org.junit.Assert.assertTrue(Assert.java:43)
	at org.junit.Assert.assertTrue(Assert.java:54)
	at RetryFailedTestCases.RetryTest.test1(RetryTest.java:11)
... Removed 27 stack frames]]>
    </failure>
  </testcase> <!-- test1 -->
</testsuite> <!-- Retry Test -->
