<?xml version="1.0" encoding="UTF-8"?>
<!-- Generated by org.testng.reporters.JUnitXMLReporter -->
<testsuite hostname="administrator-Latitude-E5570" name="First Set from 1 to 10 testcases" tests="7" failures="0" timestamp="18 Jul 2019 09:26:07 GMT" time="0.05" errors="0">
  <testcase name="test1" time="0.011" classname="testngListeners.ListnerTestClass"/>
  <testcase name="test2" time="0.0" classname="testngListeners.ListnerTestClass">
    <skipped/>
  </testcase> <!-- test2 -->
  <testcase name="test3" time="0.005" classname="testngListeners.ListnerTestClass"/>
  <testcase name="test3" time="0.0" classname="testngListeners.ListnerTestClass"/>
  <testcase name="test3" time="0.001" classname="testngListeners.ListnerTestClass"/>
  <testcase name="test3" time="0.001" classname="testngListeners.ListnerTestClass"/>
  <testcase name="test3" time="0.0" classname="testngListeners.ListnerTestClass"/>
</testsuite> <!-- First Set from 1 to 10 testcases -->
