<?xml version="1.0" encoding="UTF-8"?>
<!-- Generated by org.testng.reporters.JUnitXMLReporter -->
<testsuite hostname="administrator-Latitude-E5570" name="First Set from 1 to 10 testcases" tests="7" failures="0" timestamp="21 Jul 2019 07:37:00 GMT" time="0.052" errors="0">
  <testcase name="test1" time="0.015" classname="testngListeners.ListnerTestClass"/>
  <testcase name="test2" time="0.0" classname="testngListeners.ListnerTestClass">
    <skipped/>
  </testcase> <!-- test2 -->
  <testcase name="test3" time="0.003" classname="testngListeners.ListnerTestClass"/>
  <testcase name="test3" time="0.001" classname="testngListeners.ListnerTestClass"/>
  <testcase name="test3" time="0.001" classname="testngListeners.ListnerTestClass"/>
  <testcase name="test3" time="0.001" classname="testngListeners.ListnerTestClass"/>
  <testcase name="test3" time="0.001" classname="testngListeners.ListnerTestClass"/>
</testsuite> <!-- First Set from 1 to 10 testcases -->
