<?xml version="1.0" encoding="UTF-8"?>
<!-- Generated by org.testng.reporters.JUnitXMLReporter -->
<testsuite hostname="administrator-Latitude-E5570" name="Second Set of testcases" tests="7" failures="0" timestamp="29 Jun 2019 17:41:08 GMT" time="0.035" errors="0">
  <testcase name="apiLogin" time="0.001" classname="TestNG.Tutorial1.day3"/>
  <testcase name="apiLogin1" time="0.001" classname="TestNG.Tutorial1.day3"/>
  <testcase name="apiLogin2" time="0.004" classname="TestNG.Tutorial1.day3"/>
  <testcase name="apiLogin3" time="0.0" classname="TestNG.Tutorial1.day3"/>
  <testcase name="apiLogin4" time="0.002" classname="TestNG.Tutorial1.day3"/>
  <testcase name="apiLogin5" time="0.002" classname="TestNG.Tutorial1.day3"/>
  <testcase name="apiLogin6" time="0.002" classname="TestNG.Tutorial1.day3"/>
</testsuite> <!-- Second Set of testcases -->
