<?xml version="1.0" encoding="UTF-8"?>
<testng-results skipped="0" failed="0" total="1" passed="1">
  <reporter-output>
  </reporter-output>
  <suite name="Suite" duration-ms="3426" started-at="2019-09-26T17:56:03Z" finished-at="2019-09-26T17:56:06Z">
    <groups>
    </groups>
    <test name="Test" duration-ms="3426" started-at="2019-09-26T17:56:03Z" finished-at="2019-09-26T17:56:06Z">
      <class name="testPackage.check1">
        <test-method status="PASS" signature="getRequest()[pri:0, instance:testPackage.check1@2f7c7260]" name="getRequest" duration-ms="3410" started-at="2019-09-26T23:26:03Z" finished-at="2019-09-26T23:26:06Z">
          <reporter-output>
          </reporter-output>
        </test-method> <!-- getRequest -->
      </class> <!-- testPackage.check1 -->
    </test> <!-- Test -->
  </suite> <!-- Suite -->
</testng-results>
